**************************************************************************************
Electrical and Computer Engineering
**************************************************************************************




   New Calendar For 2 Months
		Beginning with October, 2009
October                                             2009
Sunday Monday Tuesday Wednesday Thursday Friday Saturday
				   1   	   2   	   3   	
   4   	   5   	   6   	   7   	   8   	   9   	  10   	
  11   	  12   	  13   	  14   	  15   	  16   	  17   	
  18   	  19   	  20   	  21   	  22   	  23   	  24   	
  25   	  26   	  27   	  28   	  29   	  30   	  31   	

November                                            2009
Sunday Monday Tuesday Wednesday Thursday Friday Saturday
   1   	   2   	   3   	   4   	   5   	   6   	   7   	
   8   	   9   	  10   	  11   	  12   	  13   	  14   	
  15   	  16   	  17   	  18   	  19   	  20   	  21   	
  22   	  23   	  24   	  25   	  26   	  27   	  28   	
  29   	  30   	



   New Calendar For 4 Months
		Beginning with December, 1999
December                                            1999
Sunday Monday Tuesday Wednesday Thursday Friday Saturday
			   1   	   2   	   3   	   4   	
   5   	   6   	   7   	   8   	   9   	  10   	  11   	
  12   	  13   	  14   	  15   	  16   	  17   	  18   	
  19   	  20   	  21   	  22   	  23   	  24   	  25   	
  26   	  27   	  28   	  29   	  30   	  31   	

January                                             2000
Sunday Monday Tuesday Wednesday Thursday Friday Saturday
						   1   	
   2   	   3   	   4   	   5   	   6   	   7   	   8   	
   9   	  10   	  11   	  12   	  13   	  14   	  15   	
  16   	  17   	  18   	  19   	  20   	  21   	  22   	
  23   	  24   	  25   	  26   	  27   	  28   	  29   	
  30   	  31   	

February                                            2000
Sunday Monday Tuesday Wednesday Thursday Friday Saturday
		   1   	   2   	   3   	   4   	   5   	
   6   	   7   	   8   	   9   	  10   	  11   	  12   	
  13   	  14   	  15   	  16   	  17   	  18   	  19   	
  20   	  21   	  22   	  23   	  24   	  25   	  26   	
  27   	  28   	  29   	

March                                               2000
Sunday Monday Tuesday Wednesday Thursday Friday Saturday
			   1   	   2   	   3   	   4   	
   5   	   6   	   7   	   8   	   9   	  10   	  11   	
  12   	  13   	  14   	  15   	  16   	  17   	  18   	
  19   	  20   	  21   	  22   	  23   	  24   	  25   	
  26   	  27   	  28   	  29   	  30   	  31   	



   New Calendar For 3 Months
		Beginning with February, 1800
February                                            1800
Sunday Monday Tuesday Wednesday Thursday Friday Saturday
						   1   	
   2   	   3   	   4   	   5   	   6   	   7   	   8   	
   9   	  10   	  11   	  12   	  13   	  14   	  15   	
  16   	  17   	  18   	  19   	  20   	  21   	  22   	
  23   	  24   	  25   	  26   	  27   	  28   	

March                                               1800
Sunday Monday Tuesday Wednesday Thursday Friday Saturday
						   1   	
   2   	   3   	   4   	   5   	   6   	   7   	   8   	
   9   	  10   	  11   	  12   	  13   	  14   	  15   	
  16   	  17   	  18   	  19   	  20   	  21   	  22   	
  23   	  24   	  25   	  26   	  27   	  28   	  29   	
  30   	  31   	

April                                               1800
Sunday Monday Tuesday Wednesday Thursday Friday Saturday
		   1   	   2   	   3   	   4   	   5   	
   6   	   7   	   8   	   9   	  10   	  11   	  12   	
  13   	  14   	  15   	  16   	  17   	  18   	  19   	
  20   	  21   	  22   	  23   	  24   	  25   	  26   	
  27   	  28   	  29   	  30   	



   New Calendar For 5 Months
		Beginning with April, 2008
April                                               2008
Sunday Monday Tuesday Wednesday Thursday Friday Saturday
		   1   	   2   	   3   	   4   	   5   	
   6   	   7   	   8   	   9   	  10   	  11   	  12   	
  13   	  14   	  15   	  16   	  17   	  18   	  19   	
  20   	  21   	  22   	  23   	  24   	  25   	  26   	
  27   	  28   	  29   	  30   	

May                                                 2008
Sunday Monday Tuesday Wednesday Thursday Friday Saturday
				   1   	   2   	   3   	
   4   	   5   	   6   	   7   	   8   	   9   	  10   	
  11   	  12   	  13   	  14   	  15   	  16   	  17   	
  18   	  19   	  20   	  21   	  22   	  23   	  24   	
  25   	  26   	  27   	  28   	  29   	  30   	  31   	

June                                                2008
Sunday Monday Tuesday Wednesday Thursday Friday Saturday
   1   	   2   	   3   	   4   	   5   	   6   	   7   	
   8   	   9   	  10   	  11   	  12   	  13   	  14   	
  15   	  16   	  17   	  18   	  19   	  20   	  21   	
  22   	  23   	  24   	  25   	  26   	  27   	  28   	
  29   	  30   	

July                                                2008
Sunday Monday Tuesday Wednesday Thursday Friday Saturday
		   1   	   2   	   3   	   4   	   5   	
   6   	   7   	   8   	   9   	  10   	  11   	  12   	
  13   	  14   	  15   	  16   	  17   	  18   	  19   	
  20   	  21   	  22   	  23   	  24   	  25   	  26   	
  27   	  28   	  29   	  30   	  31   	

August                                              2008
Sunday Monday Tuesday Wednesday Thursday Friday Saturday
					   1   	   2   	
   3   	   4   	   5   	   6   	   7   	   8   	   9   	
  10   	  11   	  12   	  13   	  14   	  15   	  16   	
  17   	  18   	  19   	  20   	  21   	  22   	  23   	
  24   	  25   	  26   	  27   	  28   	  29   	  30   	
  31   	

